#
# There is insufficient memory for the Java Runtime Environment to continue.
# Native memory allocation (malloc) failed to allocate 1351056 bytes for Chunk::new
# Possible reasons:
#   The system is out of physical RAM or swap space
#   The process is running with CompressedOops enabled, and the Java Heap may be blocking the growth of the native heap
# Possible solutions:
#   Reduce memory load on the system
#   Increase physical memory or swap space
#   Check if swap backing store is full
#   Decrease Java heap size (-Xmx/-Xms)
#   Decrease number of Java threads
#   Decrease Java thread stack sizes (-Xss)
#   Set larger code cache with -XX:ReservedCodeCacheSize=
#   JVM is running with Unscaled Compressed Oops mode in which the Java heap is
#     placed in the first 4GB address space. The Java Heap base address is the
#     maximum limit for the native heap growth. Please use -XX:HeapBaseMinAddress
#     to set the Java Heap base and to place the Java Heap above 4GB virtual address.
# This output file may be truncated or incomplete.
#
#  Out of Memory Error (arena.cpp:189), pid=42704, tid=43224
#
# JRE version: Java(TM) SE Runtime Environment (17.0.12+8) (build 17.0.12+8-LTS-286)
# Java VM: Java HotSpot(TM) 64-Bit Server VM (17.0.12+8-LTS-286, mixed mode, sharing, tiered, compressed oops, compressed class ptrs, g1 gc, windows-amd64)
# No core dump will be written. Minidumps are not enabled by default on client versions of Windows
#

---------------  S U M M A R Y ------------

Command Line: -ea -Dfile.encoding=windows-1252 -Dstdout.encoding=windows-1252 -Dstderr.encoding=windows-1252 -XX:+ShowCodeDetailsInExceptionMessages org.testng.remote.RemoteTestNG -serport 63847 -protocol json -d C:\Users\mousa\eclipse-workspace\FinialProjecrt\test-output C:\Users\mousa\AppData\Local\Temp\testng-eclipse--1525870826\testng-customsuite.xml

Host: 11th Gen Intel(R) Core(TM) i5-1135G7 @ 2.40GHz, 8 cores, 7G,  Windows 10 , 64 bit Build 19041 (10.0.19041.5915)
Time: Mon Jun 16 16:16:32 2025 Jordan Standard Time elapsed time: 6.898643 seconds (0d 0h 0m 6s)

---------------  T H R E A D  ---------------

Current thread (0x0000021eb3e90fe0):  JavaThread "C2 CompilerThread0" daemon [_thread_in_native, id=43224, stack(0x000000af80700000,0x000000af80800000)]


Current CompileTask:
C2:   6900 2069       4       sun.reflect.annotation.AnnotationInvocationHandler::memberValueToString (375 bytes)

Stack: [0x000000af80700000,0x000000af80800000]
Native frames: (J=compiled Java code, j=interpreted, Vv=VM code, C=native code)
V  [jvm.dll+0x67a04a]
V  [jvm.dll+0x7da4ed]
V  [jvm.dll+0x7dbe33]
V  [jvm.dll+0x7dc4a3]
V  [jvm.dll+0x24508f]
V  [jvm.dll+0xab773]
V  [jvm.dll+0xabd3c]
V  [jvm.dll+0x361b9f]
V  [jvm.dll+0x32c431]
V  [jvm.dll+0x32b8ca]
V  [jvm.dll+0x21683f]
V  [jvm.dll+0x215c6f]
V  [jvm.dll+0x1a2960]
V  [jvm.dll+0x22610b]
V  [jvm.dll+0x2242ab]
V  [jvm.dll+0x79075c]
V  [jvm.dll+0x78abea]
V  [jvm.dll+0x678f35]
C  [ucrtbase.dll+0x21bb2]
C  [KERNEL32.DLL+0x17374]
C  [ntdll.dll+0x4cc91]


---------------  P R O C E S S  ---------------

Threads class SMR info:
_java_thread_list=0x0000021efa30d490, length=30, elements={
0x0000021e95e8b010, 0x0000021eb3e66610, 0x0000021eb3e670e0, 0x0000021eb3e79ed0,
0x0000021eb3e7c8b0, 0x0000021eb3e7d180, 0x0000021eb3e7ea60, 0x0000021eb3e90fe0,
0x0000021eb3e919a0, 0x0000021eb3e92ee0, 0x0000021ef90d4520, 0x0000021ef90dc610,
0x0000021ef95f0840, 0x0000021ef9b858d0, 0x0000021ef9aac470, 0x0000021ef9530560,
0x0000021ef928b400, 0x0000021efa017e10, 0x0000021efa018d40, 0x0000021efa019250,
0x0000021efa0164c0, 0x0000021efa0169d0, 0x0000021efa018830, 0x0000021efa019760,
0x0000021efa019c70, 0x0000021efa018320, 0x0000021efa017900, 0x0000021efa016ee0,
0x0000021efa0173f0, 0x0000021efa73d080
}

Java Threads: ( => current thread )
  0x0000021e95e8b010 JavaThread "Forwarding get on session 78f1b366194c9ff14c60d0e53884a0f6 to remote" [_thread_blocked, id=42392, stack(0x000000afffa00000,0x000000afffb00000)]
  0x0000021eb3e66610 JavaThread "Reference Handler" daemon [_thread_blocked, id=21264, stack(0x000000af80100000,0x000000af80200000)]
  0x0000021eb3e670e0 JavaThread "Finalizer" daemon [_thread_blocked, id=43184, stack(0x000000af80200000,0x000000af80300000)]
  0x0000021eb3e79ed0 JavaThread "Signal Dispatcher" daemon [_thread_blocked, id=43156, stack(0x000000af80300000,0x000000af80400000)]
  0x0000021eb3e7c8b0 JavaThread "Attach Listener" daemon [_thread_blocked, id=43260, stack(0x000000af80400000,0x000000af80500000)]
  0x0000021eb3e7d180 JavaThread "Service Thread" daemon [_thread_blocked, id=43300, stack(0x000000af80500000,0x000000af80600000)]
  0x0000021eb3e7ea60 JavaThread "Monitor Deflation Thread" daemon [_thread_blocked, id=43312, stack(0x000000af80600000,0x000000af80700000)]
=>0x0000021eb3e90fe0 JavaThread "C2 CompilerThread0" daemon [_thread_in_native, id=43224, stack(0x000000af80700000,0x000000af80800000)]
  0x0000021eb3e919a0 JavaThread "C1 CompilerThread0" daemon [_thread_blocked, id=43232, stack(0x000000af80800000,0x000000af80900000)]
  0x0000021eb3e92ee0 JavaThread "Sweeper thread" daemon [_thread_blocked, id=43220, stack(0x000000af80900000,0x000000af80a00000)]
  0x0000021ef90d4520 JavaThread "Notification Thread" daemon [_thread_blocked, id=10908, stack(0x000000af80a00000,0x000000af80b00000)]
  0x0000021ef90dc610 JavaThread "Common-Cleaner" daemon [_thread_blocked, id=41412, stack(0x000000af80c00000,0x000000af80d00000)]
  0x0000021ef95f0840 JavaThread "ReaderThread" [_thread_in_native, id=43708, stack(0x000000af80f00000,0x000000af81000000)]
  0x0000021ef9b858d0 JavaThread "ForkJoinPool.commonPool-worker-1" daemon [_thread_blocked, id=42124, stack(0x000000af80d00000,0x000000af80e00000)]
  0x0000021ef9aac470 JavaThread "HttpClient-1-SelectorManager" daemon [_thread_in_native, id=43860, stack(0x000000af81800000,0x000000af81900000)]
  0x0000021ef9530560 JavaThread "External Process Output Forwarder - C:\Users\mousa\.cache\selenium\chromedriver\win64\137.0.7151.70\chromedriver.exe" daemon [_thread_in_native, id=16704, stack(0x000000af81900000,0x000000af81a00000)]
  0x0000021ef928b400 JavaThread "Driver Service Executor" daemon [_thread_blocked, id=43892, stack(0x000000af81a00000,0x000000af81b00000)]
  0x0000021efa017e10 JavaThread "Driver Service Executor" daemon [_thread_in_native, id=43900, stack(0x000000af81b00000,0x000000af81c00000)]
  0x0000021efa018d40 JavaThread "UrlChecker-2" daemon [_thread_blocked, id=42312, stack(0x000000af81c00000,0x000000af81d00000)]
  0x0000021efa019250 JavaThread "Keep-Alive-Timer" daemon [_thread_blocked, id=42012, stack(0x000000af81d00000,0x000000af81e00000)]
  0x0000021efa0164c0 JavaThread "JdkHttpClient-0-0" daemon [_thread_blocked, id=42040, stack(0x000000af81e00000,0x000000af81f00000)]
  0x0000021efa0169d0 JavaThread "CompletableFutureDelayScheduler" daemon [_thread_blocked, id=42216, stack(0x000000af81f00000,0x000000af82000000)]
  0x0000021efa018830 JavaThread "JdkHttpClient-0-1" daemon [_thread_blocked, id=42240, stack(0x000000af82000000,0x000000af82100000)]
  0x0000021efa019760 JavaThread "JdkHttpClient-0-2" daemon [_thread_blocked, id=42244, stack(0x000000af82100000,0x000000af82200000)]
  0x0000021efa019c70 JavaThread "JdkHttpClient-0-3" daemon [_thread_blocked, id=42232, stack(0x000000af82200000,0x000000af82300000)]
  0x0000021efa018320 JavaThread "HttpClient-2-SelectorManager" daemon [_thread_in_native, id=42520, stack(0x000000af81000000,0x000000af81100000)]
  0x0000021efa017900 JavaThread "JdkHttpClient-1-0" daemon [_thread_blocked, id=43596, stack(0x000000af82300000,0x000000af82400000)]
  0x0000021efa016ee0 JavaThread "JdkHttpClient-1-1" daemon [_thread_blocked, id=42380, stack(0x000000af82400000,0x000000af82500000)]
  0x0000021efa0173f0 JavaThread "JdkHttpClient-1-2" daemon [_thread_blocked, id=43332, stack(0x000000af82500000,0x000000af82600000)]
  0x0000021efa73d080 JavaThread "JdkHttpClient-1-3" daemon [_thread_blocked, id=42472, stack(0x000000af82600000,0x000000af82700000)]

Other Threads:
  0x0000021eb3e5fc30 VMThread "VM Thread" [stack: 0x000000af80000000,0x000000af80100000] [id=43296]
  0x0000021e95f1c0a0 WatcherThread [stack: 0x000000af80b00000,0x000000af80c00000] [id=42112]
  0x0000021e95ee5d60 GCTaskThread "GC Thread#0" [stack: 0x000000afffb00000,0x000000afffc00000] [id=43292]
  0x0000021efa00b140 GCTaskThread "GC Thread#1" [stack: 0x000000af81100000,0x000000af81200000] [id=41264]
  0x0000021ef9a1ed80 GCTaskThread "GC Thread#2" [stack: 0x000000af81200000,0x000000af81300000] [id=35596]
  0x0000021efa5638c0 GCTaskThread "GC Thread#3" [stack: 0x000000af81300000,0x000000af81400000] [id=31156]
  0x0000021ef9bfec80 GCTaskThread "GC Thread#4" [stack: 0x000000af81400000,0x000000af81500000] [id=41940]
  0x0000021efa2e8a20 GCTaskThread "GC Thread#5" [stack: 0x000000af81500000,0x000000af81600000] [id=41792]
  0x0000021ef9f6fe30 GCTaskThread "GC Thread#6" [stack: 0x000000af81600000,0x000000af81700000] [id=12016]
  0x0000021ef9aacb60 GCTaskThread "GC Thread#7" [stack: 0x000000af81700000,0x000000af81800000] [id=20252]
  0x0000021e95ef7060 ConcurrentGCThread "G1 Main Marker" [stack: 0x000000afffc00000,0x000000afffd00000] [id=43436]
  0x0000021e95ef8520 ConcurrentGCThread "G1 Conc#0" [stack: 0x000000afffd00000,0x000000afffe00000] [id=1664]
  0x0000021e95f5cfe0 ConcurrentGCThread "G1 Refine#0" [stack: 0x000000afffe00000,0x000000affff00000] [id=42068]
  0x0000021e95f5d7c0 ConcurrentGCThread "G1 Service" [stack: 0x000000affff00000,0x000000b000000000] [id=42172]

Threads with active compile tasks:
C2 CompilerThread0     6946 2069       4       sun.reflect.annotation.AnnotationInvocationHandler::memberValueToString (375 bytes)

VM state: not at safepoint (normal execution)

VM Mutex/Monitor currently owned by a thread: None

Heap address: 0x0000000083c00000, size: 1988 MB, Compressed Oops mode: 32-bit

CDS archive(s) mapped at: [0x0000021eb4000000-0x0000021eb4bd0000-0x0000021eb4bd0000), size 12386304, SharedBaseAddress: 0x0000021eb4000000, ArchiveRelocationMode: 1.
Compressed class space mapped at: 0x0000021eb5000000-0x0000021ef5000000, reserved size: 1073741824
Narrow klass base: 0x0000021eb4000000, Narrow klass shift: 0, Narrow klass range: 0x100000000

GC Precious Log:
 CPUs: 8 total, 8 available
 Memory: 7948M
 Large Page Support: Disabled
 NUMA Support: Disabled
 Compressed Oops: Enabled (32-bit)
 Heap Region Size: 1M
 Heap Min Capacity: 8M
 Heap Initial Capacity: 126M
 Heap Max Capacity: 1988M
 Pre-touch: Disabled
 Parallel Workers: 8
 Concurrent Workers: 2
 Concurrent Refinement Workers: 8
 Periodic GC: Disabled

Heap:
 garbage-first heap   total 129024K, used 27844K [0x0000000083c00000, 0x0000000100000000)
  region size 1024K, 26 young (26624K), 3 survivors (3072K)
 Metaspace       used 16529K, committed 16896K, reserved 1114112K
  class space    used 2045K, committed 2240K, reserved 1048576K

Heap Regions: E=young(eden), S=young(survivor), O=old, HS=humongous(starts), HC=humongous(continues), CS=collection set, F=free, OA=open archive, CA=closed archive, TAMS=top-at-mark-start (previous, next)
|   0|0x0000000083c00000, 0x0000000083d00000, 0x0000000083d00000|100%|HS|  |TAMS 0x0000000083c00000, 0x0000000083c00000| Complete 
|   1|0x0000000083d00000, 0x0000000083e00000, 0x0000000083e00000|100%| O|  |TAMS 0x0000000083d00000, 0x0000000083d00000| Untracked 
|   2|0x0000000083e00000, 0x0000000083e31200, 0x0000000083f00000| 19%| O|  |TAMS 0x0000000083e00000, 0x0000000083e00000| Untracked 
|   3|0x0000000083f00000, 0x0000000083f00000, 0x0000000084000000|  0%| F|  |TAMS 0x0000000083f00000, 0x0000000083f00000| Untracked 
|   4|0x0000000084000000, 0x0000000084000000, 0x0000000084100000|  0%| F|  |TAMS 0x0000000084000000, 0x0000000084000000| Untracked 
|   5|0x0000000084100000, 0x0000000084100000, 0x0000000084200000|  0%| F|  |TAMS 0x0000000084100000, 0x0000000084100000| Untracked 
|   6|0x0000000084200000, 0x0000000084200000, 0x0000000084300000|  0%| F|  |TAMS 0x0000000084200000, 0x0000000084200000| Untracked 
|   7|0x0000000084300000, 0x0000000084300000, 0x0000000084400000|  0%| F|  |TAMS 0x0000000084300000, 0x0000000084300000| Untracked 
|   8|0x0000000084400000, 0x0000000084400000, 0x0000000084500000|  0%| F|  |TAMS 0x0000000084400000, 0x0000000084400000| Untracked 
|   9|0x0000000084500000, 0x0000000084500000, 0x0000000084600000|  0%| F|  |TAMS 0x0000000084500000, 0x0000000084500000| Untracked 
|  10|0x0000000084600000, 0x0000000084600000, 0x0000000084700000|  0%| F|  |TAMS 0x0000000084600000, 0x0000000084600000| Untracked 
|  11|0x0000000084700000, 0x0000000084700000, 0x0000000084800000|  0%| F|  |TAMS 0x0000000084700000, 0x0000000084700000| Untracked 
|  12|0x0000000084800000, 0x0000000084800000, 0x0000000084900000|  0%| F|  |TAMS 0x0000000084800000, 0x0000000084800000| Untracked 
|  13|0x0000000084900000, 0x0000000084900000, 0x0000000084a00000|  0%| F|  |TAMS 0x0000000084900000, 0x0000000084900000| Untracked 
|  14|0x0000000084a00000, 0x0000000084a00000, 0x0000000084b00000|  0%| F|  |TAMS 0x0000000084a00000, 0x0000000084a00000| Untracked 
|  15|0x0000000084b00000, 0x0000000084b00000, 0x0000000084c00000|  0%| F|  |TAMS 0x0000000084b00000, 0x0000000084b00000| Untracked 
|  16|0x0000000084c00000, 0x0000000084c00000, 0x0000000084d00000|  0%| F|  |TAMS 0x0000000084c00000, 0x0000000084c00000| Untracked 
|  17|0x0000000084d00000, 0x0000000084d00000, 0x0000000084e00000|  0%| F|  |TAMS 0x0000000084d00000, 0x0000000084d00000| Untracked 
|  18|0x0000000084e00000, 0x0000000084e00000, 0x0000000084f00000|  0%| F|  |TAMS 0x0000000084e00000, 0x0000000084e00000| Untracked 
|  19|0x0000000084f00000, 0x0000000084f00000, 0x0000000085000000|  0%| F|  |TAMS 0x0000000084f00000, 0x0000000084f00000| Untracked 
|  20|0x0000000085000000, 0x0000000085000000, 0x0000000085100000|  0%| F|  |TAMS 0x0000000085000000, 0x0000000085000000| Untracked 
|  21|0x0000000085100000, 0x0000000085100000, 0x0000000085200000|  0%| F|  |TAMS 0x0000000085100000, 0x0000000085100000| Untracked 
|  22|0x0000000085200000, 0x0000000085200000, 0x0000000085300000|  0%| F|  |TAMS 0x0000000085200000, 0x0000000085200000| Untracked 
|  23|0x0000000085300000, 0x0000000085300000, 0x0000000085400000|  0%| F|  |TAMS 0x0000000085300000, 0x0000000085300000| Untracked 
|  24|0x0000000085400000, 0x0000000085400000, 0x0000000085500000|  0%| F|  |TAMS 0x0000000085400000, 0x0000000085400000| Untracked 
|  25|0x0000000085500000, 0x0000000085500000, 0x0000000085600000|  0%| F|  |TAMS 0x0000000085500000, 0x0000000085500000| Untracked 
|  26|0x0000000085600000, 0x0000000085600000, 0x0000000085700000|  0%| F|  |TAMS 0x0000000085600000, 0x0000000085600000| Untracked 
|  27|0x0000000085700000, 0x0000000085700000, 0x0000000085800000|  0%| F|  |TAMS 0x0000000085700000, 0x0000000085700000| Untracked 
|  28|0x0000000085800000, 0x0000000085800000, 0x0000000085900000|  0%| F|  |TAMS 0x0000000085800000, 0x0000000085800000| Untracked 
|  29|0x0000000085900000, 0x0000000085900000, 0x0000000085a00000|  0%| F|  |TAMS 0x0000000085900000, 0x0000000085900000| Untracked 
|  30|0x0000000085a00000, 0x0000000085a00000, 0x0000000085b00000|  0%| F|  |TAMS 0x0000000085a00000, 0x0000000085a00000| Untracked 
|  31|0x0000000085b00000, 0x0000000085b00000, 0x0000000085c00000|  0%| F|  |TAMS 0x0000000085b00000, 0x0000000085b00000| Untracked 
|  32|0x0000000085c00000, 0x0000000085c00000, 0x0000000085d00000|  0%| F|  |TAMS 0x0000000085c00000, 0x0000000085c00000| Untracked 
|  33|0x0000000085d00000, 0x0000000085d00000, 0x0000000085e00000|  0%| F|  |TAMS 0x0000000085d00000, 0x0000000085d00000| Untracked 
|  34|0x0000000085e00000, 0x0000000085e00000, 0x0000000085f00000|  0%| F|  |TAMS 0x0000000085e00000, 0x0000000085e00000| Untracked 
|  35|0x0000000085f00000, 0x0000000085f00000, 0x0000000086000000|  0%| F|  |TAMS 0x0000000085f00000, 0x0000000085f00000| Untracked 
|  36|0x0000000086000000, 0x0000000086000000, 0x0000000086100000|  0%| F|  |TAMS 0x0000000086000000, 0x0000000086000000| Untracked 
|  37|0x0000000086100000, 0x0000000086100000, 0x0000000086200000|  0%| F|  |TAMS 0x0000000086100000, 0x0000000086100000| Untracked 
|  38|0x0000000086200000, 0x0000000086200000, 0x0000000086300000|  0%| F|  |TAMS 0x0000000086200000, 0x0000000086200000| Untracked 
|  39|0x0000000086300000, 0x0000000086300000, 0x0000000086400000|  0%| F|  |TAMS 0x0000000086300000, 0x0000000086300000| Untracked 
|  40|0x0000000086400000, 0x0000000086400000, 0x0000000086500000|  0%| F|  |TAMS 0x0000000086400000, 0x0000000086400000| Untracked 
|  41|0x0000000086500000, 0x0000000086500000, 0x0000000086600000|  0%| F|  |TAMS 0x0000000086500000, 0x0000000086500000| Untracked 
|  42|0x0000000086600000, 0x0000000086600000, 0x0000000086700000|  0%| F|  |TAMS 0x0000000086600000, 0x0000000086600000| Untracked 
|  43|0x0000000086700000, 0x0000000086700000, 0x0000000086800000|  0%| F|  |TAMS 0x0000000086700000, 0x0000000086700000| Untracked 
|  44|0x0000000086800000, 0x0000000086800000, 0x0000000086900000|  0%| F|  |TAMS 0x0000000086800000, 0x0000000086800000| Untracked 
|  45|0x0000000086900000, 0x0000000086900000, 0x0000000086a00000|  0%| F|  |TAMS 0x0000000086900000, 0x0000000086900000| Untracked 
|  46|0x0000000086a00000, 0x0000000086a00000, 0x0000000086b00000|  0%| F|  |TAMS 0x0000000086a00000, 0x0000000086a00000| Untracked 
|  47|0x0000000086b00000, 0x0000000086b00000, 0x0000000086c00000|  0%| F|  |TAMS 0x0000000086b00000, 0x0000000086b00000| Untracked 
|  48|0x0000000086c00000, 0x0000000086c00000, 0x0000000086d00000|  0%| F|  |TAMS 0x0000000086c00000, 0x0000000086c00000| Untracked 
|  49|0x0000000086d00000, 0x0000000086d00000, 0x0000000086e00000|  0%| F|  |TAMS 0x0000000086d00000, 0x0000000086d00000| Untracked 
|  50|0x0000000086e00000, 0x0000000086e00000, 0x0000000086f00000|  0%| F|  |TAMS 0x0000000086e00000, 0x0000000086e00000| Untracked 
|  51|0x0000000086f00000, 0x0000000086f00000, 0x0000000087000000|  0%| F|  |TAMS 0x0000000086f00000, 0x0000000086f00000| Untracked 
|  52|0x0000000087000000, 0x0000000087000000, 0x0000000087100000|  0%| F|  |TAMS 0x0000000087000000, 0x0000000087000000| Untracked 
|  53|0x0000000087100000, 0x0000000087100000, 0x0000000087200000|  0%| F|  |TAMS 0x0000000087100000, 0x0000000087100000| Untracked 
|  54|0x0000000087200000, 0x0000000087200000, 0x0000000087300000|  0%| F|  |TAMS 0x0000000087200000, 0x0000000087200000| Untracked 
|  55|0x0000000087300000, 0x0000000087300000, 0x0000000087400000|  0%| F|  |TAMS 0x0000000087300000, 0x0000000087300000| Untracked 
|  56|0x0000000087400000, 0x0000000087400000, 0x0000000087500000|  0%| F|  |TAMS 0x0000000087400000, 0x0000000087400000| Untracked 
|  57|0x0000000087500000, 0x0000000087500000, 0x0000000087600000|  0%| F|  |TAMS 0x0000000087500000, 0x0000000087500000| Untracked 
|  58|0x0000000087600000, 0x0000000087600000, 0x0000000087700000|  0%| F|  |TAMS 0x0000000087600000, 0x0000000087600000| Untracked 
|  59|0x0000000087700000, 0x0000000087700000, 0x0000000087800000|  0%| F|  |TAMS 0x0000000087700000, 0x0000000087700000| Untracked 
|  60|0x0000000087800000, 0x0000000087800000, 0x0000000087900000|  0%| F|  |TAMS 0x0000000087800000, 0x0000000087800000| Untracked 
|  61|0x0000000087900000, 0x0000000087900000, 0x0000000087a00000|  0%| F|  |TAMS 0x0000000087900000, 0x0000000087900000| Untracked 
|  62|0x0000000087a00000, 0x0000000087a00000, 0x0000000087b00000|  0%| F|  |TAMS 0x0000000087a00000, 0x0000000087a00000| Untracked 
|  63|0x0000000087b00000, 0x0000000087b00000, 0x0000000087c00000|  0%| F|  |TAMS 0x0000000087b00000, 0x0000000087b00000| Untracked 
|  64|0x0000000087c00000, 0x0000000087c00000, 0x0000000087d00000|  0%| F|  |TAMS 0x0000000087c00000, 0x0000000087c00000| Untracked 
|  65|0x0000000087d00000, 0x0000000087d00000, 0x0000000087e00000|  0%| F|  |TAMS 0x0000000087d00000, 0x0000000087d00000| Untracked 
|  66|0x0000000087e00000, 0x0000000087e00000, 0x0000000087f00000|  0%| F|  |TAMS 0x0000000087e00000, 0x0000000087e00000| Untracked 
|  67|0x0000000087f00000, 0x0000000087f00000, 0x0000000088000000|  0%| F|  |TAMS 0x0000000087f00000, 0x0000000087f00000| Untracked 
|  68|0x0000000088000000, 0x0000000088000000, 0x0000000088100000|  0%| F|  |TAMS 0x0000000088000000, 0x0000000088000000| Untracked 
|  69|0x0000000088100000, 0x0000000088100000, 0x0000000088200000|  0%| F|  |TAMS 0x0000000088100000, 0x0000000088100000| Untracked 
|  70|0x0000000088200000, 0x0000000088200000, 0x0000000088300000|  0%| F|  |TAMS 0x0000000088200000, 0x0000000088200000| Untracked 
|  71|0x0000000088300000, 0x0000000088300000, 0x0000000088400000|  0%| F|  |TAMS 0x0000000088300000, 0x0000000088300000| Untracked 
|  72|0x0000000088400000, 0x0000000088400000, 0x0000000088500000|  0%| F|  |TAMS 0x0000000088400000, 0x0000000088400000| Untracked 
|  73|0x0000000088500000, 0x0000000088500000, 0x0000000088600000|  0%| F|  |TAMS 0x0000000088500000, 0x0000000088500000| Untracked 
|  74|0x0000000088600000, 0x0000000088600000, 0x0000000088700000|  0%| F|  |TAMS 0x0000000088600000, 0x0000000088600000| Untracked 
|  75|0x0000000088700000, 0x0000000088700000, 0x0000000088800000|  0%| F|  |TAMS 0x0000000088700000, 0x0000000088700000| Untracked 
|  76|0x0000000088800000, 0x0000000088800000, 0x0000000088900000|  0%| F|  |TAMS 0x0000000088800000, 0x0000000088800000| Untracked 
|  77|0x0000000088900000, 0x0000000088900000, 0x0000000088a00000|  0%| F|  |TAMS 0x0000000088900000, 0x0000000088900000| Untracked 
|  78|0x0000000088a00000, 0x0000000088a00000, 0x0000000088b00000|  0%| F|  |TAMS 0x0000000088a00000, 0x0000000088a00000| Untracked 
|  79|0x0000000088b00000, 0x0000000088b00000, 0x0000000088c00000|  0%| F|  |TAMS 0x0000000088b00000, 0x0000000088b00000| Untracked 
|  80|0x0000000088c00000, 0x0000000088c00000, 0x0000000088d00000|  0%| F|  |TAMS 0x0000000088c00000, 0x0000000088c00000| Untracked 
|  81|0x0000000088d00000, 0x0000000088d00000, 0x0000000088e00000|  0%| F|  |TAMS 0x0000000088d00000, 0x0000000088d00000| Untracked 
|  82|0x0000000088e00000, 0x0000000088e00000, 0x0000000088f00000|  0%| F|  |TAMS 0x0000000088e00000, 0x0000000088e00000| Untracked 
|  83|0x0000000088f00000, 0x0000000088f00000, 0x0000000089000000|  0%| F|  |TAMS 0x0000000088f00000, 0x0000000088f00000| Untracked 
|  84|0x0000000089000000, 0x0000000089000000, 0x0000000089100000|  0%| F|  |TAMS 0x0000000089000000, 0x0000000089000000| Untracked 
|  85|0x0000000089100000, 0x0000000089100000, 0x0000000089200000|  0%| F|  |TAMS 0x0000000089100000, 0x0000000089100000| Untracked 
|  86|0x0000000089200000, 0x0000000089200000, 0x0000000089300000|  0%| F|  |TAMS 0x0000000089200000, 0x0000000089200000| Untracked 
|  87|0x0000000089300000, 0x0000000089300000, 0x0000000089400000|  0%| F|  |TAMS 0x0000000089300000, 0x0000000089300000| Untracked 
|  88|0x0000000089400000, 0x0000000089400000, 0x0000000089500000|  0%| F|  |TAMS 0x0000000089400000, 0x0000000089400000| Untracked 
|  89|0x0000000089500000, 0x0000000089500000, 0x0000000089600000|  0%| F|  |TAMS 0x0000000089500000, 0x0000000089500000| Untracked 
|  90|0x0000000089600000, 0x0000000089600000, 0x0000000089700000|  0%| F|  |TAMS 0x0000000089600000, 0x0000000089600000| Untracked 
|  91|0x0000000089700000, 0x0000000089700000, 0x0000000089800000|  0%| F|  |TAMS 0x0000000089700000, 0x0000000089700000| Untracked 
|  92|0x0000000089800000, 0x0000000089800000, 0x0000000089900000|  0%| F|  |TAMS 0x0000000089800000, 0x0000000089800000| Untracked 
|  93|0x0000000089900000, 0x0000000089900000, 0x0000000089a00000|  0%| F|  |TAMS 0x0000000089900000, 0x0000000089900000| Untracked 
|  94|0x0000000089a00000, 0x0000000089a00000, 0x0000000089b00000|  0%| F|  |TAMS 0x0000000089a00000, 0x0000000089a00000| Untracked 
|  95|0x0000000089b00000, 0x0000000089b00000, 0x0000000089c00000|  0%| F|  |TAMS 0x0000000089b00000, 0x0000000089b00000| Untracked 
|  96|0x0000000089c00000, 0x0000000089c00000, 0x0000000089d00000|  0%| F|  |TAMS 0x0000000089c00000, 0x0000000089c00000| Untracked 
|  97|0x0000000089d00000, 0x0000000089d00000, 0x0000000089e00000|  0%| F|  |TAMS 0x0000000089d00000, 0x0000000089d00000| Untracked 
|  98|0x0000000089e00000, 0x0000000089e00000, 0x0000000089f00000|  0%| F|  |TAMS 0x0000000089e00000, 0x0000000089e00000| Untracked 
|  99|0x0000000089f00000, 0x0000000089f00000, 0x000000008a000000|  0%| F|  |TAMS 0x0000000089f00000, 0x0000000089f00000| Untracked 
| 100|0x000000008a000000, 0x000000008a100000, 0x000000008a100000|100%| S|CS|TAMS 0x000000008a000000, 0x000000008a000000| Complete 
| 101|0x000000008a100000, 0x000000008a200000, 0x000000008a200000|100%| S|CS|TAMS 0x000000008a100000, 0x000000008a100000| Complete 
| 102|0x000000008a200000, 0x000000008a300000, 0x000000008a300000|100%| S|CS|TAMS 0x000000008a200000, 0x000000008a200000| Complete 
| 103|0x000000008a300000, 0x000000008a400000, 0x000000008a400000|100%| E|  |TAMS 0x000000008a300000, 0x000000008a300000| Complete 
| 104|0x000000008a400000, 0x000000008a500000, 0x000000008a500000|100%| E|CS|TAMS 0x000000008a400000, 0x000000008a400000| Complete 
| 105|0x000000008a500000, 0x000000008a600000, 0x000000008a600000|100%| E|CS|TAMS 0x000000008a500000, 0x000000008a500000| Complete 
| 106|0x000000008a600000, 0x000000008a700000, 0x000000008a700000|100%| E|CS|TAMS 0x000000008a600000, 0x000000008a600000| Complete 
| 107|0x000000008a700000, 0x000000008a800000, 0x000000008a800000|100%| E|CS|TAMS 0x000000008a700000, 0x000000008a700000| Complete 
| 108|0x000000008a800000, 0x000000008a900000, 0x000000008a900000|100%| E|CS|TAMS 0x000000008a800000, 0x000000008a800000| Complete 
| 109|0x000000008a900000, 0x000000008aa00000, 0x000000008aa00000|100%| E|CS|TAMS 0x000000008a900000, 0x000000008a900000| Complete 
| 110|0x000000008aa00000, 0x000000008ab00000, 0x000000008ab00000|100%| E|CS|TAMS 0x000000008aa00000, 0x000000008aa00000| Complete 
| 111|0x000000008ab00000, 0x000000008ac00000, 0x000000008ac00000|100%| E|CS|TAMS 0x000000008ab00000, 0x000000008ab00000| Complete 
| 112|0x000000008ac00000, 0x000000008ad00000, 0x000000008ad00000|100%| E|CS|TAMS 0x000000008ac00000, 0x000000008ac00000| Complete 
| 113|0x000000008ad00000, 0x000000008ae00000, 0x000000008ae00000|100%| E|CS|TAMS 0x000000008ad00000, 0x000000008ad00000| Complete 
| 114|0x000000008ae00000, 0x000000008af00000, 0x000000008af00000|100%| E|CS|TAMS 0x000000008ae00000, 0x000000008ae00000| Complete 
| 115|0x000000008af00000, 0x000000008b000000, 0x000000008b000000|100%| E|CS|TAMS 0x000000008af00000, 0x000000008af00000| Complete 
| 116|0x000000008b000000, 0x000000008b100000, 0x000000008b100000|100%| E|CS|TAMS 0x000000008b000000, 0x000000008b000000| Complete 
| 117|0x000000008b100000, 0x000000008b200000, 0x000000008b200000|100%| E|CS|TAMS 0x000000008b100000, 0x000000008b100000| Complete 
| 118|0x000000008b200000, 0x000000008b300000, 0x000000008b300000|100%| E|CS|TAMS 0x000000008b200000, 0x000000008b200000| Complete 
| 119|0x000000008b300000, 0x000000008b400000, 0x000000008b400000|100%| E|CS|TAMS 0x000000008b300000, 0x000000008b300000| Complete 
| 120|0x000000008b400000, 0x000000008b500000, 0x000000008b500000|100%| E|CS|TAMS 0x000000008b400000, 0x000000008b400000| Complete 
| 121|0x000000008b500000, 0x000000008b600000, 0x000000008b600000|100%| E|CS|TAMS 0x000000008b500000, 0x000000008b500000| Complete 
| 122|0x000000008b600000, 0x000000008b700000, 0x000000008b700000|100%| E|CS|TAMS 0x000000008b600000, 0x000000008b600000| Complete 
| 123|0x000000008b700000, 0x000000008b800000, 0x000000008b800000|100%| E|CS|TAMS 0x000000008b700000, 0x000000008b700000| Complete 
| 124|0x000000008b800000, 0x000000008b900000, 0x000000008b900000|100%| E|CS|TAMS 0x000000008b800000, 0x000000008b800000| Complete 
| 125|0x000000008b900000, 0x000000008ba00000, 0x000000008ba00000|100%| E|CS|TAMS 0x000000008b900000, 0x000000008b900000| Complete 

Card table byte_map: [0x0000021eace70000,0x0000021ead260000] _byte_map_base: 0x0000021eaca52000

Marking Bits (Prev, Next): (CMBitMap*) 0x0000021e95ee6290, (CMBitMap*) 0x0000021e95ee62d0
 Prev Bits: [0x0000021ead650000, 0x0000021eaf560000)
 Next Bits: [0x0000021eaf560000, 0x0000021eb1470000)

Polling page: 0x0000021e93df0000

Metaspace:

Usage:
  Non-class:     14.14 MB used.
      Class:      2.00 MB used.
       Both:     16.14 MB used.

Virtual space:
  Non-class space:       64.00 MB reserved,      14.31 MB ( 22%) committed,  1 nodes.
      Class space:        1.00 GB reserved,       2.19 MB ( <1%) committed,  1 nodes.
             Both:        1.06 GB reserved,      16.50 MB (  2%) committed. 

Chunk freelists:
   Non-Class:  1.14 MB
       Class:  13.78 MB
        Both:  14.92 MB

MaxMetaspaceSize: unlimited
CompressedClassSpaceSize: 1.00 GB
Initial GC threshold: 21.00 MB
Current GC threshold: 21.00 MB
CDS: on
MetaspaceReclaimPolicy: balanced
 - commit_granule_bytes: 65536.
 - commit_granule_words: 8192.
 - virtual_space_node_default_size: 8388608.
 - enlarge_chunks_in_place: 1.
 - new_chunks_are_fully_committed: 0.
 - uncommit_free_chunks: 1.
 - use_allocation_guard: 0.
 - handle_deallocations: 1.


Internal statistics:

num_allocs_failed_limit: 0.
num_arena_births: 356.
num_arena_deaths: 0.
num_vsnodes_births: 2.
num_vsnodes_deaths: 0.
num_space_committed: 264.
num_space_uncommitted: 0.
num_chunks_returned_to_freelist: 0.
num_chunks_taken_from_freelist: 770.
num_chunk_merges: 0.
num_chunk_splits: 471.
num_chunks_enlarged: 309.
num_inconsistent_stats: 0.

CodeHeap 'non-profiled nmethods': size=120000Kb used=771Kb max_used=771Kb free=119228Kb
 bounds [0x0000021ea5220000, 0x0000021ea5490000, 0x0000021eac750000]
CodeHeap 'profiled nmethods': size=120000Kb used=4094Kb max_used=4094Kb free=115905Kb
 bounds [0x0000021e9d750000, 0x0000021e9db50000, 0x0000021ea4c80000]
CodeHeap 'non-nmethods': size=5760Kb used=1250Kb max_used=1274Kb free=4510Kb
 bounds [0x0000021ea4c80000, 0x0000021ea4ef0000, 0x0000021ea5220000]
 total_blobs=2647 nmethods=2106 adapters=453
 compilation: enabled
              stopped_count=0, restarted_count=0
 full_count=0

Compilation events (20 events):
Event: 6.861 Thread 0x0000021eb3e919a0 nmethod 2091 0x0000021ea52df690 code [0x0000021ea52df820, 0x0000021ea52df8f8]
Event: 6.861 Thread 0x0000021eb3e919a0 2093       3       java.lang.invoke.LambdaForm::<init> (115 bytes)
Event: 6.862 Thread 0x0000021eb3e919a0 nmethod 2093 0x0000021e9db49f10 code [0x0000021e9db4a100, 0x0000021e9db4a7a8]
Event: 6.862 Thread 0x0000021eb3e919a0 2097       3       java.lang.invoke.MethodHandles$Lookup::restrictProtectedReceiver (51 bytes)
Event: 6.863 Thread 0x0000021eb3e919a0 nmethod 2097 0x0000021e9db4aa10 code [0x0000021e9db4ac00, 0x0000021e9db4b128]
Event: 6.863 Thread 0x0000021eb3e919a0 2099       3       java.lang.invoke.MethodHandleNatives::refKindIsGetter (32 bytes)
Event: 6.863 Thread 0x0000021eb3e919a0 nmethod 2099 0x0000021e9db4b290 code [0x0000021e9db4b420, 0x0000021e9db4b578]
Event: 6.863 Thread 0x0000021eb3e919a0 2098       3       java.lang.invoke.MemberName::isProtected (8 bytes)
Event: 6.863 Thread 0x0000021eb3e919a0 nmethod 2098 0x0000021e9db4b610 code [0x0000021e9db4b7a0, 0x0000021e9db4b978]
Event: 6.865 Thread 0x0000021eb3e919a0 2101       3       java.io.BufferedWriter::ensureOpen (18 bytes)
Event: 6.865 Thread 0x0000021eb3e919a0 nmethod 2101 0x0000021e9db4ba10 code [0x0000021e9db4bbc0, 0x0000021e9db4bdc8]
Event: 6.865 Thread 0x0000021eb3e919a0 2103       1       java.nio.Buffer::capacity (5 bytes)
Event: 6.865 Thread 0x0000021eb3e919a0 nmethod 2103 0x0000021ea52e0590 code [0x0000021ea52e0720, 0x0000021ea52e07f8]
Event: 6.869 Thread 0x0000021eb3e919a0 2104       3       java.lang.reflect.Modifier::toString (185 bytes)
Event: 6.870 Thread 0x0000021eb3e919a0 nmethod 2104 0x0000021e9db4be90 code [0x0000021e9db4c120, 0x0000021e9db4c958]
Event: 6.892 Thread 0x0000021eb3e919a0 2106       3       java.net.URI$Parser::scan (41 bytes)
Event: 6.893 Thread 0x0000021eb3e919a0 nmethod 2106 0x0000021e9db4cb90 code [0x0000021e9db4cde0, 0x0000021e9db4d6f8]
Event: 6.893 Thread 0x0000021eb3e919a0 2107       1       java.util.TreeMap::size (5 bytes)
Event: 6.893 Thread 0x0000021eb3e919a0 nmethod 2107 0x0000021ea52e0b90 code [0x0000021ea52e0d20, 0x0000021ea52e0df8]
Event: 6.893 Thread 0x0000021eb3e919a0 2108       3       java.lang.invoke.LambdaForm$MH/0x0000021eb50ed800::invoke (148 bytes)

GC Heap History (2 events):
Event: 4.522 GC heap before
{Heap before GC invocations=0 (full 0):
 garbage-first heap   total 129024K, used 24576K [0x0000000083c00000, 0x0000000100000000)
  region size 1024K, 23 young (23552K), 0 survivors (0K)
 Metaspace       used 9199K, committed 9472K, reserved 1114112K
  class space    used 1118K, committed 1216K, reserved 1048576K
}
Event: 4.531 GC heap after
{Heap after GC invocations=1 (full 0):
 garbage-first heap   total 129024K, used 5316K [0x0000000083c00000, 0x0000000100000000)
  region size 1024K, 3 young (3072K), 3 survivors (3072K)
 Metaspace       used 9199K, committed 9472K, reserved 1114112K
  class space    used 1118K, committed 1216K, reserved 1048576K
}

Deoptimization events (20 events):
Event: 4.711 Thread 0x0000021e95e8b010 DEOPT PACKING pc=0x0000021e9d9e583e sp=0x000000afffafadf0
Event: 4.711 Thread 0x0000021e95e8b010 DEOPT UNPACKING pc=0x0000021ea4cd66e3 sp=0x000000afffafa270 mode 0
Event: 4.711 Thread 0x0000021e95e8b010 DEOPT PACKING pc=0x0000021e9d9e583e sp=0x000000afffafae10
Event: 4.711 Thread 0x0000021e95e8b010 DEOPT UNPACKING pc=0x0000021ea4cd66e3 sp=0x000000afffafa290 mode 0
Event: 4.712 Thread 0x0000021e95e8b010 DEOPT PACKING pc=0x0000021e9d9e583e sp=0x000000afffafadf0
Event: 4.712 Thread 0x0000021e95e8b010 DEOPT UNPACKING pc=0x0000021ea4cd66e3 sp=0x000000afffafa270 mode 0
Event: 4.713 Thread 0x0000021e95e8b010 DEOPT PACKING pc=0x0000021e9d9e583e sp=0x000000afffafadf0
Event: 4.713 Thread 0x0000021e95e8b010 DEOPT UNPACKING pc=0x0000021ea4cd66e3 sp=0x000000afffafa270 mode 0
Event: 4.714 Thread 0x0000021e95e8b010 DEOPT PACKING pc=0x0000021e9d9e583e sp=0x000000afffafae10
Event: 4.714 Thread 0x0000021e95e8b010 DEOPT UNPACKING pc=0x0000021ea4cd66e3 sp=0x000000afffafa290 mode 0
Event: 4.804 Thread 0x0000021e95e8b010 Uncommon trap: trap_request=0xffffff45 fr.pc=0x0000021ea528ca18 relative=0x0000000000000218
Event: 4.804 Thread 0x0000021e95e8b010 Uncommon trap: reason=unstable_if action=reinterpret pc=0x0000021ea528ca18 method=java.util.HashMap.putVal(ILjava/lang/Object;Ljava/lang/Object;ZZ)Ljava/lang/Object; @ 162 c2
Event: 4.804 Thread 0x0000021e95e8b010 DEOPT PACKING pc=0x0000021ea528ca18 sp=0x000000afffaf9a40
Event: 4.804 Thread 0x0000021e95e8b010 DEOPT UNPACKING pc=0x0000021ea4cd5ba3 sp=0x000000afffaf9968 mode 2
Event: 4.879 Thread 0x0000021e95e8b010 DEOPT PACKING pc=0x0000021e9d8cef57 sp=0x000000afffaf8ea0
Event: 4.879 Thread 0x0000021e95e8b010 DEOPT UNPACKING pc=0x0000021ea4cd66e3 sp=0x000000afffaf8300 mode 0
Event: 6.588 Thread 0x0000021e95e8b010 Uncommon trap: trap_request=0xffffff45 fr.pc=0x0000021ea528a2e8 relative=0x0000000000000f48
Event: 6.588 Thread 0x0000021e95e8b010 Uncommon trap: reason=unstable_if action=reinterpret pc=0x0000021ea528a2e8 method=java.util.concurrent.ConcurrentHashMap.putVal(Ljava/lang/Object;Ljava/lang/Object;Z)Ljava/lang/Object; @ 231 c2
Event: 6.588 Thread 0x0000021e95e8b010 DEOPT PACKING pc=0x0000021ea528a2e8 sp=0x000000afffafce80
Event: 6.588 Thread 0x0000021e95e8b010 DEOPT UNPACKING pc=0x0000021ea4cd5ba3 sp=0x000000afffafcdf0 mode 2

Classes unloaded (0 events):
No events

Classes redefined (0 events):
No events

Internal exceptions (20 events):
Event: 4.915 Thread 0x0000021e95e8b010 Exception <a 'java/lang/NoSuchMethodError'{0x000000008b3d9648}: 'java.lang.Object java.lang.invoke.DirectMethodHandle$Holder.invokeVirtual(java.lang.Object, java.lang.Object, java.lang.Object, java.lang.Object)'> (0x000000008b3d9648) 
thrown [s\open\src\hotspot\share\interpreter\linkResolver.cpp, line 759]
Event: 4.945 Thread 0x0000021efa018d40 Exception <a 'java/net/ConnectException'{0x000000008b26a268}: Connection refused: no further information> (0x000000008b26a268) 
thrown [s\open\src\hotspot\share\prims\jni.cpp, line 535]
Event: 4.945 Thread 0x0000021efa018d40 Exception <a 'java/net/SocketException'{0x000000008b26a5a0}: Socket is not connected: shutdown> (0x000000008b26a5a0) 
thrown [s\open\src\hotspot\share\prims\jni.cpp, line 535]
Event: 4.993 Thread 0x0000021e95e8b010 Exception <a 'java/lang/NoSuchMethodError'{0x000000008b16c680}: 'java.lang.Object java.lang.invoke.DirectMethodHandle$Holder.newInvokeSpecial(java.lang.Object, java.lang.Object, int, int)'> (0x000000008b16c680) 
thrown [s\open\src\hotspot\share\interpreter\linkResolver.cpp, line 759]
Event: 4.994 Thread 0x0000021e95e8b010 Exception <a 'java/lang/NoSuchMethodError'{0x000000008b177410}: 'void java.lang.invoke.DirectMethodHandle$Holder.invokeStatic(java.lang.Object, java.lang.Object, int)'> (0x000000008b177410) 
thrown [s\open\src\hotspot\share\interpreter\linkResolver.cpp, line 759]
Event: 4.999 Thread 0x0000021e95e8b010 Exception <a 'java/lang/NoSuchMethodError'{0x000000008b1cf6e0}: 'java.lang.Object java.lang.invoke.DirectMethodHandle$Holder.newInvokeSpecial(java.lang.Object, java.lang.Object, java.lang.Object, java.lang.Object, java.lang.Object)'> (0x000000008b1cf6e0) 
thrown [s\open\src\hotspot\share\interpreter\linkResolver.cpp, line 759]
Event: 5.035 Thread 0x0000021efa0164c0 Exception <a 'java/lang/NoSuchMethodError'{0x000000008af3ad08}: 'java.lang.Object java.lang.invoke.DirectMethodHandle$Holder.invokeSpecial(java.lang.Object, java.lang.Object, java.lang.Object, java.lang.Object, int)'> (0x000000008af3ad08) 
thrown [s\open\src\hotspot\share\interpreter\linkResolver.cpp, line 759]
Event: 5.035 Thread 0x0000021efa0164c0 Exception <a 'java/lang/NoSuchMethodError'{0x000000008af3e8d0}: 'java.lang.Object java.lang.invoke.Invokers$Holder.linkToTargetMethod(java.lang.Object, java.lang.Object, int, java.lang.Object)'> (0x000000008af3e8d0) 
thrown [s\open\src\hotspot\share\interpreter\linkResolver.cpp, line 759]
Event: 5.051 Thread 0x0000021efa0164c0 Exception <a 'java/lang/NoSuchMethodError'{0x000000008af8dd38}: 'void java.lang.invoke.DirectMethodHandle$Holder.invokeSpecial(java.lang.Object, java.lang.Object, java.lang.Object, java.lang.Object, java.lang.Object)'> (0x000000008af8dd38) 
thrown [s\open\src\hotspot\share\interpreter\linkResolver.cpp, line 759]
Event: 6.522 Thread 0x0000021efa018830 Exception <a 'java/lang/NoSuchMethodError'{0x000000008ad20b20}: 'java.lang.Object java.lang.invoke.DirectMethodHandle$Holder.newInvokeSpecial(java.lang.Object, java.lang.Object, long, java.lang.Object, java.lang.Object, java.lang.Object)'> (0x000000008ad20b20) 
thrown [s\open\src\hotspot\share\interpreter\linkResolver.cpp, line 759]
Event: 6.531 Thread 0x0000021efa018830 Exception <a 'java/lang/NoSuchMethodError'{0x000000008ad38e28}: 'void java.lang.invoke.DirectMethodHandle$Holder.invokeSpecial(java.lang.Object, java.lang.Object, java.lang.Object, java.lang.Object, java.lang.Object, java.lang.Object, java.lang.Object)'> (0x000000008ad38e28) 
thrown [s\open\src\hotspot\share\interpreter\linkResolver.cpp, line 759]
Event: 6.549 Thread 0x0000021e95e8b010 Exception <a 'java/lang/NoSuchMethodError'{0x000000008b02c3a8}: 'java.lang.Object java.lang.invoke.DirectMethodHandle$Holder.invokeSpecialIFC(java.lang.Object, java.lang.Object, java.lang.Object)'> (0x000000008b02c3a8) 
thrown [s\open\src\hotspot\share\interpreter\linkResolver.cpp, line 759]
Event: 6.729 Thread 0x0000021e95e8b010 Exception <a 'java/lang/ClassNotFoundException'{0x000000008a9655b0}: sun/util/logging/resources/spi/loggingProvider> (0x000000008a9655b0) 
thrown [s\open\src\hotspot\share\classfile\systemDictionary.cpp, line 256]
Event: 6.788 Thread 0x0000021e95e8b010 Exception <a 'java/lang/NoSuchMethodError'{0x000000008a68f9c8}: 'java.lang.Object java.lang.invoke.DirectMethodHandle$Holder.newInvokeSpecial(java.lang.Object, java.lang.Object, int, java.lang.Object, java.lang.Object)'> (0x000000008a68f9c8) 
thrown [s\open\src\hotspot\share\interpreter\linkResolver.cpp, line 759]
Event: 6.811 Thread 0x0000021e95e8b010 Exception <a 'java/lang/NoSuchMethodError'{0x000000008a550b78}: 'java.lang.Object java.lang.invoke.DirectMethodHandle$Holder.invokeStatic(java.lang.Object, java.lang.Object, java.lang.Object, int, java.lang.Object, java.lang.Object)'> (0x000000008a550b78) 
thrown [s\open\src\hotspot\share\interpreter\linkResolver.cpp, line 759]
Event: 6.811 Thread 0x0000021e95e8b010 Exception <a 'java/lang/NoSuchMethodError'{0x000000008a559050}: 'java.lang.Object java.lang.invoke.DirectMethodHandle$Holder.newInvokeSpecial(java.lang.Object, java.lang.Object, java.lang.Object, int, java.lang.Object)'> (0x000000008a559050) 
thrown [s\open\src\hotspot\share\interpreter\linkResolver.cpp, line 759]
Event: 6.812 Thread 0x0000021e95e8b010 Exception <a 'java/lang/NoSuchMethodError'{0x000000008a560a20}: 'java.lang.Object java.lang.invoke.Invokers$Holder.linkToTargetMethod(java.lang.Object, java.lang.Object, int, java.lang.Object, java.lang.Object)'> (0x000000008a560a20) 
thrown [s\open\src\hotspot\share\interpreter\linkResolver.cpp, line 759]
Event: 6.869 Thread 0x0000021e95e8b010 Exception <a 'java/lang/NoSuchMethodError'{0x000000008a334338}: 'int java.lang.invoke.DirectMethodHandle$Holder.invokeInterface(java.lang.Object, java.lang.Object)'> (0x000000008a334338) 
thrown [s\open\src\hotspot\share\interpreter\linkResolver.cpp, line 759]
Event: 6.870 Thread 0x0000021e95e8b010 Exception <a 'java/lang/IncompatibleClassChangeError'{0x000000008a3378c8}: Found class java.lang.Object, but interface was expected> (0x000000008a3378c8) 
thrown [s\open\src\hotspot\share\interpreter\linkResolver.cpp, line 826]
Event: 6.871 Thread 0x0000021e95e8b010 Exception <a 'java/lang/NoSuchMethodError'{0x000000008a33a598}: 'int java.lang.invoke.DirectMethodHandle$Holder.invokeSpecial(java.lang.Object, java.lang.Object, java.lang.Object, java.lang.Object, java.lang.Object)'> (0x000000008a33a598) 
thrown [s\open\src\hotspot\share\interpreter\linkResolver.cpp, line 759]

VM Operations (20 events):
Event: 4.541 Executing VM operation: HandshakeAllThreads
Event: 4.541 Executing VM operation: HandshakeAllThreads done
Event: 4.640 Executing VM operation: HandshakeAllThreads
Event: 4.640 Executing VM operation: HandshakeAllThreads done
Event: 4.761 Executing VM operation: HandshakeAllThreads
Event: 4.761 Executing VM operation: HandshakeAllThreads done
Event: 4.974 Executing VM operation: HandshakeAllThreads
Event: 4.974 Executing VM operation: HandshakeAllThreads done
Event: 4.975 Executing VM operation: HandshakeAllThreads
Event: 4.975 Executing VM operation: HandshakeAllThreads done
Event: 5.989 Executing VM operation: Cleanup
Event: 5.989 Executing VM operation: Cleanup done
Event: 6.484 Executing VM operation: HandshakeAllThreads
Event: 6.484 Executing VM operation: HandshakeAllThreads done
Event: 6.712 Executing VM operation: HandshakeAllThreads
Event: 6.712 Executing VM operation: HandshakeAllThreads done
Event: 6.850 Executing VM operation: HandshakeAllThreads
Event: 6.850 Executing VM operation: HandshakeAllThreads done
Event: 6.876 Executing VM operation: HandshakeAllThreads
Event: 6.876 Executing VM operation: HandshakeAllThreads done

Events (20 events):
Event: 6.807 loading class java/util/function/LongFunction
Event: 6.807 loading class java/util/function/LongFunction done
Event: 6.808 loading class java/util/stream/Nodes$ConcNode
Event: 6.808 loading class java/util/stream/Nodes$AbstractConcNode
Event: 6.808 loading class java/util/stream/Nodes$AbstractConcNode done
Event: 6.808 loading class java/util/stream/Nodes$ConcNode done
Event: 6.813 loading class java/util/IdentityHashMap$ValueSpliterator
Event: 6.813 loading class java/util/IdentityHashMap$IdentityHashMapSpliterator
Event: 6.813 loading class java/util/IdentityHashMap$IdentityHashMapSpliterator done
Event: 6.814 loading class java/util/IdentityHashMap$ValueSpliterator done
Event: 6.816 loading class java/util/stream/MatchOps$MatchTask
Event: 6.817 loading class java/util/stream/MatchOps$MatchTask done
Event: 6.851 loading class sun/reflect/misc/ReflectUtil
Event: 6.855 loading class sun/reflect/misc/ReflectUtil done
Event: 6.856 loading class jdk/internal/reflect/UnsafeQualifiedIntegerFieldAccessorImpl
Event: 6.857 loading class jdk/internal/reflect/UnsafeQualifiedIntegerFieldAccessorImpl done
Event: 6.857 loading class jdk/internal/reflect/UnsafeQualifiedBooleanFieldAccessorImpl
Event: 6.857 loading class jdk/internal/reflect/UnsafeQualifiedBooleanFieldAccessorImpl done
Event: 6.870 loading class java/util/concurrent/ConcurrentHashMap$EntrySpliterator
Event: 6.870 loading class java/util/concurrent/ConcurrentHashMap$EntrySpliterator done


Dynamic libraries:
0x00007ff6b3900000 - 0x00007ff6b3910000 	C:\Program Files\Java\jdk-17\bin\javaw.exe
0x00007ffa28450000 - 0x00007ffa28648000 	C:\WINDOWS\SYSTEM32\ntdll.dll
0x00007ffa280f0000 - 0x00007ffa281b2000 	C:\WINDOWS\System32\KERNEL32.DLL
0x00007ffa25c10000 - 0x00007ffa25f06000 	C:\WINDOWS\System32\KERNELBASE.dll
0x00007ffa25f10000 - 0x00007ffa26010000 	C:\WINDOWS\System32\ucrtbase.dll
0x00007ff9fe0c0000 - 0x00007ff9fe0d9000 	C:\Program Files\Java\jdk-17\bin\jli.dll
0x00007ff9fe0e0000 - 0x00007ff9fe0fb000 	C:\Program Files\Java\jdk-17\bin\VCRUNTIME140.dll
0x00007ffa28350000 - 0x00007ffa28401000 	C:\WINDOWS\System32\ADVAPI32.dll
0x00007ffa27b40000 - 0x00007ffa27bde000 	C:\WINDOWS\System32\msvcrt.dll
0x00007ffa27be0000 - 0x00007ffa27c7f000 	C:\WINDOWS\System32\sechost.dll
0x00007ffa26ad0000 - 0x00007ffa26bf3000 	C:\WINDOWS\System32\RPCRT4.dll
0x00007ffa260b0000 - 0x00007ffa260d7000 	C:\WINDOWS\System32\bcrypt.dll
0x00007ffa26f10000 - 0x00007ffa270ad000 	C:\WINDOWS\System32\USER32.dll
0x00007ffa26130000 - 0x00007ffa26152000 	C:\WINDOWS\System32\win32u.dll
0x00007ffa09680000 - 0x00007ffa0991a000 	C:\WINDOWS\WinSxS\amd64_microsoft.windows.common-controls_6595b64144ccf1df_6.0.19041.5915_none_60b4b9d171f9c7c7\COMCTL32.dll
0x00007ffa26470000 - 0x00007ffa2649b000 	C:\WINDOWS\System32\GDI32.dll
0x00007ffa26350000 - 0x00007ffa26469000 	C:\WINDOWS\System32\gdi32full.dll
0x00007ffa26010000 - 0x00007ffa260ad000 	C:\WINDOWS\System32\msvcp_win.dll
0x00007ffa20860000 - 0x00007ffa2086a000 	C:\WINDOWS\SYSTEM32\VERSION.dll
0x00007ffa28320000 - 0x00007ffa2834f000 	C:\WINDOWS\System32\IMM32.DLL
0x00007ff9fe0b0000 - 0x00007ff9fe0bc000 	C:\Program Files\Java\jdk-17\bin\vcruntime140_1.dll
0x00007ff9fb8e0000 - 0x00007ff9fb96e000 	C:\Program Files\Java\jdk-17\bin\msvcp140.dll
0x00007ff9f9e20000 - 0x00007ff9faa00000 	C:\Program Files\Java\jdk-17\bin\server\jvm.dll
0x00007ffa26c60000 - 0x00007ffa26c68000 	C:\WINDOWS\System32\PSAPI.DLL
0x00007ffa035a0000 - 0x00007ffa035a9000 	C:\WINDOWS\SYSTEM32\WSOCK32.dll
0x00007ffa0c440000 - 0x00007ffa0c467000 	C:\WINDOWS\SYSTEM32\WINMM.dll
0x00007ffa26dd0000 - 0x00007ffa26e3b000 	C:\WINDOWS\System32\WS2_32.dll
0x00007ffa24640000 - 0x00007ffa24652000 	C:\WINDOWS\SYSTEM32\kernel.appcore.dll
0x00007ff9fb890000 - 0x00007ff9fb89a000 	C:\Program Files\Java\jdk-17\bin\jimage.dll
0x00007ffa23ff0000 - 0x00007ffa241f1000 	C:\WINDOWS\SYSTEM32\DBGHELP.DLL
0x00007ffa09bc0000 - 0x00007ffa09bf4000 	C:\WINDOWS\SYSTEM32\dbgcore.DLL
0x00007ffa262c0000 - 0x00007ffa26342000 	C:\WINDOWS\System32\bcryptPrimitives.dll
0x00007ff9fb810000 - 0x00007ff9fb835000 	C:\Program Files\Java\jdk-17\bin\java.dll
0x00007ff9f9b80000 - 0x00007ff9f9c57000 	C:\Program Files\Java\jdk-17\bin\jsvml.dll
0x00007ffa272a0000 - 0x00007ffa27a0e000 	C:\WINDOWS\System32\SHELL32.dll
0x00007ffa23770000 - 0x00007ffa23f14000 	C:\WINDOWS\SYSTEM32\windows.storage.dll
0x00007ffa266c0000 - 0x00007ffa26a13000 	C:\WINDOWS\System32\combase.dll
0x00007ffa25580000 - 0x00007ffa255ab000 	C:\WINDOWS\SYSTEM32\Wldp.dll
0x00007ffa26d00000 - 0x00007ffa26dcd000 	C:\WINDOWS\System32\OLEAUT32.dll
0x00007ffa26e60000 - 0x00007ffa26f0d000 	C:\WINDOWS\System32\SHCORE.dll
0x00007ffa27240000 - 0x00007ffa2729b000 	C:\WINDOWS\System32\shlwapi.dll
0x00007ffa25a10000 - 0x00007ffa25a35000 	C:\WINDOWS\SYSTEM32\profapi.dll
0x00007ff9fbdc0000 - 0x00007ff9fbdd9000 	C:\Program Files\Java\jdk-17\bin\net.dll
0x00007ffa22550000 - 0x00007ffa2265a000 	C:\WINDOWS\SYSTEM32\WINHTTP.dll
0x00007ffa25270000 - 0x00007ffa252da000 	C:\WINDOWS\system32\mswsock.dll
0x00007ff9fbda0000 - 0x00007ff9fbdb6000 	C:\Program Files\Java\jdk-17\bin\nio.dll
0x00007ff9fb8b0000 - 0x00007ff9fb8c8000 	C:\Program Files\Java\jdk-17\bin\zip.dll
0x00007ffa24fa0000 - 0x00007ffa2506a000 	C:\WINDOWS\SYSTEM32\DNSAPI.dll
0x00007ffa24f00000 - 0x00007ffa24f3b000 	C:\WINDOWS\SYSTEM32\IPHLPAPI.DLL
0x00007ffa26650000 - 0x00007ffa26658000 	C:\WINDOWS\System32\NSI.dll
0x0000000052c10000 - 0x0000000052c36000 	C:\Program Files\Bonjour\mdnsNSP.dll
0x00007ffa20850000 - 0x00007ffa2085a000 	C:\Windows\System32\rasadhlp.dll
0x00007ffa1baa0000 - 0x00007ffa1bb20000 	C:\WINDOWS\System32\fwpuclnt.dll
0x00007ffa25460000 - 0x00007ffa25478000 	C:\WINDOWS\SYSTEM32\CRYPTSP.dll
0x00007ffa24b20000 - 0x00007ffa24b58000 	C:\WINDOWS\system32\rsaenh.dll
0x00007ffa25990000 - 0x00007ffa259be000 	C:\WINDOWS\SYSTEM32\USERENV.dll
0x00007ffa25480000 - 0x00007ffa2548c000 	C:\WINDOWS\SYSTEM32\CRYPTBASE.dll
0x00007ffa1bec0000 - 0x00007ffa1bed7000 	C:\WINDOWS\SYSTEM32\dhcpcsvc6.DLL
0x00007ffa21120000 - 0x00007ffa2113d000 	C:\WINDOWS\SYSTEM32\dhcpcsvc.DLL
0x00007ff9f7840000 - 0x00007ff9f784a000 	C:\Program Files\Java\jdk-17\bin\management.dll
0x00007ff9f7830000 - 0x00007ff9f783b000 	C:\Program Files\Java\jdk-17\bin\management_ext.dll
0x00007ff9f6060000 - 0x00007ff9f606e000 	C:\Program Files\Java\jdk-17\bin\sunmscapi.dll
0x00007ffa26160000 - 0x00007ffa262bd000 	C:\WINDOWS\System32\CRYPT32.dll
0x00007ffa255f0000 - 0x00007ffa25617000 	C:\WINDOWS\SYSTEM32\ncrypt.dll
0x00007ffa255b0000 - 0x00007ffa255eb000 	C:\WINDOWS\SYSTEM32\NTASN1.dll
0x00007ff9f7850000 - 0x00007ff9f7857000 	C:\WINDOWS\system32\wshunix.dll

dbghelp: loaded successfully - version: 4.0.5 - missing functions: none
symbol engine: initialized successfully - sym options: 0x614 - pdb path: .;C:\Program Files\Java\jdk-17\bin;C:\WINDOWS\SYSTEM32;C:\WINDOWS\WinSxS\amd64_microsoft.windows.common-controls_6595b64144ccf1df_6.0.19041.5915_none_60b4b9d171f9c7c7;C:\Program Files\Java\jdk-17\bin\server;C:\Program Files\Bonjour

VM Arguments:
jvm_args: -ea -Dfile.encoding=windows-1252 -Dstdout.encoding=windows-1252 -Dstderr.encoding=windows-1252 -XX:+ShowCodeDetailsInExceptionMessages 
java_command: org.testng.remote.RemoteTestNG -serport 63847 -protocol json -d C:\Users\mousa\eclipse-workspace\FinialProjecrt\test-output C:\Users\mousa\AppData\Local\Temp\testng-eclipse--1525870826\testng-customsuite.xml
java_class_path (initial): C:\Users\mousa\eclipse\java-2024-122\eclipse\configuration\org.eclipse.osgi\527\0\.cp\lib\testng-remote.jar;C:\Users\mousa\eclipse-workspace\FinialProjecrt\target\test-classes;C:\Users\mousa\eclipse-workspace\FinialProjecrt\target\classes;C:\Users\mousa\.m2\repository\org\testng\testng\7.11.0\testng-7.11.0.jar;C:\Users\mousa\.m2\repository\org\slf4j\slf4j-api\2.0.16\slf4j-api-2.0.16.jar;C:\Users\mousa\.m2\repository\org\jcommander\jcommander\1.83\jcommander-1.83.jar;C:\Users\mousa\.m2\repository\org\webjars\jquery\3.7.1\jquery-3.7.1.jar;C:\Users\mousa\.m2\repository\org\seleniumhq\selenium\selenium-java\4.31.0\selenium-java-4.31.0.jar;C:\Users\mousa\.m2\repository\org\seleniumhq\selenium\selenium-api\4.31.0\selenium-api-4.31.0.jar;C:\Users\mousa\.m2\repository\org\jspecify\jspecify\1.0.0\jspecify-1.0.0.jar;C:\Users\mousa\.m2\repository\org\seleniumhq\selenium\selenium-chrome-driver\4.31.0\selenium-chrome-driver-4.31.0.jar;C:\Users\mousa\.m2\repository\com\google\auto\service\auto-service-annotations\1.1.1\auto-service-annotations-1.1.1.jar;C:\Users\mousa\.m2\repository\org\seleniumhq\selenium\selenium-chromium-driver\4.31.0\selenium-chromium-driver-4.31.0.jar;C:\Users\mousa\.m2\repository\org\seleniumhq\selenium\selenium-json\4.31.0\selenium-json-4.31.0.jar;C:\Users\mousa\.m2\repository\org\seleniumhq\selenium\selenium-manager\4.31.0\selenium-manager-4.31.0.jar;C:\Users\mousa\.m2\repository\org\seleniumhq\selenium\selenium-devtools-v133\4.31.0\selenium-devtools-v133-4.31.0.jar;C:\Users\mousa\.m2\repository\org\seleniumhq\selenium\selenium-devtools-v134\4.31.0\selenium-devtools-v134-4.31.0.jar;C:\Users\mousa\.m2\repository\org\seleniumhq\selenium\selenium-devtools-v135\4.31.0\selenium-devtools-v135-4.31.0.jar;C:\Users\mousa\.m2\repository\org\seleniumhq\selenium\selenium-edge-driver\4.31.0\selenium-edge-driver-4.31.0.jar;C:\Users\mousa\.m2\repository\org\seleniumhq\selenium\selenium-firefox-driver\4.31.0\selenium-firefox-driver-4.31.0.jar
Launcher Type: SUN_STANDARD

[Global flags]
     intx CICompilerCount                          = 4                                         {product} {ergonomic}
     uint ConcGCThreads                            = 2                                         {product} {ergonomic}
     uint G1ConcRefinementThreads                  = 8                                         {product} {ergonomic}
   size_t G1HeapRegionSize                         = 1048576                                   {product} {ergonomic}
    uintx GCDrainStackTargetSize                   = 64                                        {product} {ergonomic}
   size_t InitialHeapSize                          = 132120576                                 {product} {ergonomic}
   size_t MarkStackSize                            = 4194304                                   {product} {ergonomic}
   size_t MaxHeapSize                              = 2084569088                                {product} {ergonomic}
   size_t MaxNewSize                               = 1249902592                                {product} {ergonomic}
   size_t MinHeapDeltaBytes                        = 1048576                                   {product} {ergonomic}
   size_t MinHeapSize                              = 8388608                                   {product} {ergonomic}
    uintx NonNMethodCodeHeapSize                   = 5839372                                {pd product} {ergonomic}
    uintx NonProfiledCodeHeapSize                  = 122909434                              {pd product} {ergonomic}
    uintx ProfiledCodeHeapSize                     = 122909434                              {pd product} {ergonomic}
    uintx ReservedCodeCacheSize                    = 251658240                              {pd product} {ergonomic}
     bool SegmentedCodeCache                       = true                                      {product} {ergonomic}
     bool ShowCodeDetailsInExceptionMessages       = true                                   {manageable} {command line}
   size_t SoftMaxHeapSize                          = 2084569088                             {manageable} {ergonomic}
     bool UseCompressedClassPointers               = true                           {product lp64_product} {ergonomic}
     bool UseCompressedOops                        = true                           {product lp64_product} {ergonomic}
     bool UseG1GC                                  = true                                      {product} {ergonomic}
     bool UseLargePagesIndividualAllocation        = false                                  {pd product} {ergonomic}

Logging:
Log output configuration:
 #0: stdout all=warning uptime,level,tags
 #1: stderr all=off uptime,level,tags

Environment Variables:
JAVA_HOME=C:\Program Files\Java\jdk-17
PATH=C:/Users/mousa/.p2/pool/plugins/org.eclipse.justj.openjdk.hotspot.jre.full.win32.x86_64_23.0.2.v20250131-0604/jre/bin/server;C:/Users/mousa/.p2/pool/plugins/org.eclipse.justj.openjdk.hotspot.jre.full.win32.x86_64_23.0.2.v20250131-0604/jre/bin;C:\Program Files\Java\jdk-17\bin;C:\Program Files\Common Files\Oracle\Java\javapath;C:\WINDOWS\system32;C:\WINDOWS;C:\WINDOWS\System32\Wbem;C:\WINDOWS\System32\WindowsPowerShell\v1.0\;C:\WINDOWS\System32\OpenSSH\;C:\Program Files\Microsoft SQL Server\120\Tools\Binn\;C:\Program Files\Common Files\Autodesk Shared\;C:\Program Files\dotnet\;C:\Program Files\Microsoft SQL Server\150\Tools\Binn\;D:\IMTELLIJ\Git\cmd;C:\Program Files\nodejs\;C:\Program Files\MySQL\MySQL Shell 8.0\bin\;C:\Users\mousa\AppData\Local\Microsoft\WindowsApps;D:\Microsoft VS Code\bin;C:\Program Files\Java\jdk-17\bin;C:\Users\mousa\AppData\Roaming\npm;C:\Users\mousa\eclipse\java-2024-122\eclipse;
USERNAME=mousa
OS=Windows_NT
PROCESSOR_IDENTIFIER=Intel64 Family 6 Model 140 Stepping 1, GenuineIntel



---------------  S Y S T E M  ---------------

OS:
 Windows 10 , 64 bit Build 19041 (10.0.19041.5915)
OS uptime: 0 days 21:49 hours

CPU: total 8 (initial active 8) (4 cores per cpu, 2 threads per core) family 6 model 140 stepping 1 microcode 0x86, cx8, cmov, fxsr, ht, mmx, 3dnowpref, sse, sse2, sse3, ssse3, sse4.1, sse4.2, popcnt, lzcnt, tsc, tscinvbit, avx, avx2, aes, erms, clmul, bmi1, bmi2, adx, avx512f, avx512dq, avx512cd, avx512bw, avx512vl, sha, fma, vzeroupper, avx512_vpopcntdq, avx512_vpclmulqdq, avx512_vaes, avx512_vnni, clflush, clflushopt, clwb, avx512_vbmi2, avx512_vbmi

Memory: 4k page, system-wide physical 7948M (354M free)
TotalPageFile size 23110M (AvailPageFile size 2M)
current process WorkingSet (physical memory assigned to process): 110M, peak: 110M
current process commit charge ("private bytes"): 251M, peak: 252M

vm_info: Java HotSpot(TM) 64-Bit Server VM (17.0.12+8-LTS-286) for windows-amd64 JRE (17.0.12+8-LTS-286), built on Jun  5 2024 06:46:59 by "mach5one" with MS VC++ 17.6 (VS2022)

END.
