#
# There is insufficient memory for the Java Runtime Environment to continue.
# Native memory allocation (mmap) failed to map 132120576 bytes for G1 virtual space
# Possible reasons:
#   The system is out of physical RAM or swap space
#   The process is running with CompressedOops enabled, and the Java Heap may be blocking the growth of the native heap
# Possible solutions:
#   Reduce memory load on the system
#   Increase physical memory or swap space
#   Check if swap backing store is full
#   Decrease Java heap size (-Xmx/-Xms)
#   Decrease number of Java threads
#   Decrease Java thread stack sizes (-Xss)
#   Set larger code cache with -XX:ReservedCodeCacheSize=
#   JVM is running with Unscaled Compressed Oops mode in which the Java heap is
#     placed in the first 4GB address space. The Java Heap base address is the
#     maximum limit for the native heap growth. Please use -XX:HeapBaseMinAddress
#     to set the Java Heap base and to place the Java Heap above 4GB virtual address.
# This output file may be truncated or incomplete.
#
#  Out of Memory Error (os_windows.cpp:3548), pid=36584, tid=43612
#
# JRE version:  (17.0.12+8) (build )
# Java VM: Java HotSpot(TM) 64-Bit Server VM (17.0.12+8-LTS-286, mixed mode, sharing, tiered, compressed oops, compressed class ptrs, g1 gc, windows-amd64)
# No core dump will be written. Minidumps are not enabled by default on client versions of Windows
#

---------------  S U M M A R Y ------------

Command Line: -ea -Dfile.encoding=windows-1252 -Dstdout.encoding=windows-1252 -Dstderr.encoding=windows-1252 -XX:+ShowCodeDetailsInExceptionMessages org.testng.remote.RemoteTestNG -serport 56839 -protocol json -d C:\Users\mousa\eclipse-workspace\FinialProjecrt\test-output C:\Users\mousa\AppData\Local\Temp\testng-eclipse--716397541\testng-customsuite.xml

Host: 11th Gen Intel(R) Core(TM) i5-1135G7 @ 2.40GHz, 8 cores, 7G,  Windows 10 , 64 bit Build 19041 (10.0.19041.5915)
Time: Mon Jun 23 22:41:23 2025 Jordan Standard Time elapsed time: 0.015342 seconds (0d 0h 0m 0s)

---------------  T H R E A D  ---------------

Current thread (0x00000161e52f0590):  JavaThread "Unknown thread" [_thread_in_vm, id=43612, stack(0x0000004f50300000,0x0000004f50400000)]

Stack: [0x0000004f50300000,0x0000004f50400000]
Native frames: (J=compiled Java code, j=interpreted, Vv=VM code, C=native code)
V  [jvm.dll+0x67a04a]
V  [jvm.dll+0x7da4ed]
V  [jvm.dll+0x7dbe33]
V  [jvm.dll+0x7dc4a3]
V  [jvm.dll+0x24508f]
V  [jvm.dll+0x677089]
V  [jvm.dll+0x66bd32]
V  [jvm.dll+0x301fa6]
V  [jvm.dll+0x309546]
V  [jvm.dll+0x359d2e]
V  [jvm.dll+0x359f5f]
V  [jvm.dll+0x2d9078]
V  [jvm.dll+0x2d9fe4]
V  [jvm.dll+0x7aca21]
V  [jvm.dll+0x367591]
V  [jvm.dll+0x78b999]
V  [jvm.dll+0x3ec83f]
V  [jvm.dll+0x3ee471]
C  [jli.dll+0x5297]
C  [ucrtbase.dll+0x21bb2]
C  [KERNEL32.DLL+0x17374]
C  [ntdll.dll+0x4cc91]


---------------  P R O C E S S  ---------------

Threads class SMR info:
_java_thread_list=0x00007ffbfdfe7a18, length=0, elements={
}

Java Threads: ( => current thread )

Other Threads:
  0x00000161e5347190 GCTaskThread "GC Thread#0" [stack: 0x0000004f50400000,0x0000004f50500000] [id=20224]
  0x00000161e5358880 ConcurrentGCThread "G1 Main Marker" [stack: 0x0000004f50500000,0x0000004f50600000] [id=4708]
  0x00000161e535a950 ConcurrentGCThread "G1 Conc#0" [stack: 0x0000004f50600000,0x0000004f50700000] [id=2760]

[error occurred during error reporting (printing all threads), id 0xc0000005, EXCEPTION_ACCESS_VIOLATION (0xc0000005) at pc=0x00007ffbfd819b67]

VM state: not at safepoint (not fully initialized)

VM Mutex/Monitor currently owned by a thread:  ([mutex/lock_event])
[0x00000161e52ec950] Heap_lock - owner thread: 0x00000161e52f0590

Heap address: 0x0000000083c00000, size: 1988 MB, Compressed Oops mode: 32-bit

CDS archive(s) mapped at: [0x0000000000000000-0x0000000000000000-0x0000000000000000), size 0, SharedBaseAddress: 0x0000000800000000, ArchiveRelocationMode: 1.
Narrow klass base: 0x0000000000000000, Narrow klass shift: 0, Narrow klass range: 0x0

GC Precious Log:
<Empty>

Heap:
 garbage-first heap   total 0K, used 0K [0x0000000083c00000, 0x0000000100000000)
  region size 1024K, 0 young (0K), 0 survivors (0K)

[error occurred during error reporting (printing heap information), id 0xc0000005, EXCEPTION_ACCESS_VIOLATION (0xc0000005) at pc=0x00007ffbfdc03859]

GC Heap History (0 events):
No events

Deoptimization events (0 events):
No events

Classes unloaded (0 events):
No events

Classes redefined (0 events):
No events

Internal exceptions (0 events):
No events

VM Operations (0 events):
No events

Events (1 events):
Event: 0.007 Loaded shared library C:\Program Files\Java\jdk-17\bin\java.dll


Dynamic libraries:
0x00007ff7cb360000 - 0x00007ff7cb370000 	C:\Program Files\Java\jdk-17\bin\javaw.exe
0x00007ffc2b670000 - 0x00007ffc2b868000 	C:\WINDOWS\SYSTEM32\ntdll.dll
0x00007ffc2a6c0000 - 0x00007ffc2a782000 	C:\WINDOWS\System32\KERNEL32.DLL
0x00007ffc290c0000 - 0x00007ffc293b6000 	C:\WINDOWS\System32\KERNELBASE.dll
0x00007ffc28ef0000 - 0x00007ffc28ff0000 	C:\WINDOWS\System32\ucrtbase.dll
0x00007ffbfe1c0000 - 0x00007ffbfe1d9000 	C:\Program Files\Java\jdk-17\bin\jli.dll
0x00007ffbfe1a0000 - 0x00007ffbfe1bb000 	C:\Program Files\Java\jdk-17\bin\VCRUNTIME140.dll
0x00007ffc2ae60000 - 0x00007ffc2af11000 	C:\WINDOWS\System32\ADVAPI32.dll
0x00007ffc2b460000 - 0x00007ffc2b4fe000 	C:\WINDOWS\System32\msvcrt.dll
0x00007ffc2adc0000 - 0x00007ffc2ae5f000 	C:\WINDOWS\System32\sechost.dll
0x00007ffc2a4b0000 - 0x00007ffc2a5d3000 	C:\WINDOWS\System32\RPCRT4.dll
0x00007ffc28d00000 - 0x00007ffc28d27000 	C:\WINDOWS\System32\bcrypt.dll
0x00007ffc2a940000 - 0x00007ffc2aadd000 	C:\WINDOWS\System32\USER32.dll
0x00007ffc28ff0000 - 0x00007ffc29012000 	C:\WINDOWS\System32\win32u.dll
0x00007ffc0c860000 - 0x00007ffc0cafa000 	C:\WINDOWS\WinSxS\amd64_microsoft.windows.common-controls_6595b64144ccf1df_6.0.19041.5915_none_60b4b9d171f9c7c7\COMCTL32.dll
0x00007ffc29740000 - 0x00007ffc2976b000 	C:\WINDOWS\System32\GDI32.dll
0x00007ffc293c0000 - 0x00007ffc294d9000 	C:\WINDOWS\System32\gdi32full.dll
0x00007ffc29020000 - 0x00007ffc290bd000 	C:\WINDOWS\System32\msvcp_win.dll
0x00007ffc1ef80000 - 0x00007ffc1ef8a000 	C:\WINDOWS\SYSTEM32\VERSION.dll
0x00007ffc2ab50000 - 0x00007ffc2ab7f000 	C:\WINDOWS\System32\IMM32.DLL
0x00007ffc04610000 - 0x00007ffc0461c000 	C:\Program Files\Java\jdk-17\bin\vcruntime140_1.dll
0x00007ffbfe110000 - 0x00007ffbfe19e000 	C:\Program Files\Java\jdk-17\bin\msvcp140.dll
0x00007ffbfd530000 - 0x00007ffbfe110000 	C:\Program Files\Java\jdk-17\bin\server\jvm.dll
0x00007ffc2b3f0000 - 0x00007ffc2b3f8000 	C:\WINDOWS\System32\PSAPI.DLL
0x00007ffc16660000 - 0x00007ffc16687000 	C:\WINDOWS\SYSTEM32\WINMM.dll
0x00007ffc06160000 - 0x00007ffc06169000 	C:\WINDOWS\SYSTEM32\WSOCK32.dll
0x00007ffc2ab80000 - 0x00007ffc2abeb000 	C:\WINDOWS\System32\WS2_32.dll
0x00007ffc27520000 - 0x00007ffc27532000 	C:\WINDOWS\SYSTEM32\kernel.appcore.dll
0x00007ffbff080000 - 0x00007ffbff08a000 	C:\Program Files\Java\jdk-17\bin\jimage.dll
0x00007ffc27200000 - 0x00007ffc27401000 	C:\WINDOWS\SYSTEM32\DBGHELP.DLL
0x00007ffc09a00000 - 0x00007ffc09a34000 	C:\WINDOWS\SYSTEM32\dbgcore.DLL
0x00007ffc28e60000 - 0x00007ffc28ee2000 	C:\WINDOWS\System32\bcryptPrimitives.dll
0x00007ffbfd430000 - 0x00007ffbfd455000 	C:\Program Files\Java\jdk-17\bin\java.dll

dbghelp: loaded successfully - version: 4.0.5 - missing functions: none
symbol engine: initialized successfully - sym options: 0x614 - pdb path: .;C:\Program Files\Java\jdk-17\bin;C:\WINDOWS\SYSTEM32;C:\WINDOWS\WinSxS\amd64_microsoft.windows.common-controls_6595b64144ccf1df_6.0.19041.5915_none_60b4b9d171f9c7c7;C:\Program Files\Java\jdk-17\bin\server

VM Arguments:
jvm_args: -ea -Dfile.encoding=windows-1252 -Dstdout.encoding=windows-1252 -Dstderr.encoding=windows-1252 -XX:+ShowCodeDetailsInExceptionMessages 
java_command: org.testng.remote.RemoteTestNG -serport 56839 -protocol json -d C:\Users\mousa\eclipse-workspace\FinialProjecrt\test-output C:\Users\mousa\AppData\Local\Temp\testng-eclipse--716397541\testng-customsuite.xml
java_class_path (initial): C:\Users\mousa\eclipse\java-2024-122\eclipse\configuration\org.eclipse.osgi\527\0\.cp\lib\testng-remote.jar;C:\Users\mousa\eclipse-workspace\FinialProjecrt\target\test-classes;C:\Users\mousa\eclipse-workspace\FinialProjecrt\target\classes;C:\Users\mousa\.m2\repository\org\testng\testng\7.11.0\testng-7.11.0.jar;C:\Users\mousa\.m2\repository\org\slf4j\slf4j-api\2.0.16\slf4j-api-2.0.16.jar;C:\Users\mousa\.m2\repository\org\jcommander\jcommander\1.83\jcommander-1.83.jar;C:\Users\mousa\.m2\repository\org\webjars\jquery\3.7.1\jquery-3.7.1.jar;C:\Users\mousa\.m2\repository\org\seleniumhq\selenium\selenium-java\4.31.0\selenium-java-4.31.0.jar;C:\Users\mousa\.m2\repository\org\seleniumhq\selenium\selenium-api\4.31.0\selenium-api-4.31.0.jar;C:\Users\mousa\.m2\repository\org\jspecify\jspecify\1.0.0\jspecify-1.0.0.jar;C:\Users\mousa\.m2\repository\org\seleniumhq\selenium\selenium-chrome-driver\4.31.0\selenium-chrome-driver-4.31.0.jar;C:\Users\mousa\.m2\repository\com\google\auto\service\auto-service-annotations\1.1.1\auto-service-annotations-1.1.1.jar;C:\Users\mousa\.m2\repository\org\seleniumhq\selenium\selenium-chromium-driver\4.31.0\selenium-chromium-driver-4.31.0.jar;C:\Users\mousa\.m2\repository\org\seleniumhq\selenium\selenium-json\4.31.0\selenium-json-4.31.0.jar;C:\Users\mousa\.m2\repository\org\seleniumhq\selenium\selenium-manager\4.31.0\selenium-manager-4.31.0.jar;C:\Users\mousa\.m2\repository\org\seleniumhq\selenium\selenium-devtools-v133\4.31.0\selenium-devtools-v133-4.31.0.jar;C:\Users\mousa\.m2\repository\org\seleniumhq\selenium\selenium-devtools-v134\4.31.0\selenium-devtools-v134-4.31.0.jar;C:\Users\mousa\.m2\repository\org\seleniumhq\selenium\selenium-devtools-v135\4.31.0\selenium-devtools-v135-4.31.0.jar;C:\Users\mousa\.m2\repository\org\seleniumhq\selenium\selenium-edge-driver\4.31.0\selenium-edge-driver-4.31.0.jar;C:\Users\mousa\.m2\repository\org\seleniumhq\selenium\selenium-firefox-driver\4.31.0\selenium-firefox-driver-4.31.0.jar
Launcher Type: SUN_STANDARD

[Global flags]
     intx CICompilerCount                          = 4                                         {product} {ergonomic}
     uint ConcGCThreads                            = 2                                         {product} {ergonomic}
     uint G1ConcRefinementThreads                  = 8                                         {product} {ergonomic}
   size_t G1HeapRegionSize                         = 1048576                                   {product} {ergonomic}
    uintx GCDrainStackTargetSize                   = 64                                        {product} {ergonomic}
   size_t InitialHeapSize                          = 132120576                                 {product} {ergonomic}
   size_t MarkStackSize                            = 4194304                                   {product} {ergonomic}
   size_t MaxHeapSize                              = 2084569088                                {product} {ergonomic}
   size_t MinHeapDeltaBytes                        = 1048576                                   {product} {ergonomic}
   size_t MinHeapSize                              = 8388608                                   {product} {ergonomic}
    uintx NonNMethodCodeHeapSize                   = 5839372                                {pd product} {ergonomic}
    uintx NonProfiledCodeHeapSize                  = 122909434                              {pd product} {ergonomic}
    uintx ProfiledCodeHeapSize                     = 122909434                              {pd product} {ergonomic}
    uintx ReservedCodeCacheSize                    = 251658240                              {pd product} {ergonomic}
     bool SegmentedCodeCache                       = true                                      {product} {ergonomic}
     bool ShowCodeDetailsInExceptionMessages       = true                                   {manageable} {command line}
   size_t SoftMaxHeapSize                          = 2084569088                             {manageable} {ergonomic}
     bool UseCompressedClassPointers               = true                           {product lp64_product} {ergonomic}
     bool UseCompressedOops                        = true                           {product lp64_product} {ergonomic}
     bool UseG1GC                                  = true                                      {product} {ergonomic}
     bool UseLargePagesIndividualAllocation        = false                                  {pd product} {ergonomic}

Logging:
Log output configuration:
 #0: stdout all=warning uptime,level,tags
 #1: stderr all=off uptime,level,tags

Environment Variables:
JAVA_HOME=C:\Program Files\Java\jdk-17
PATH=C:/Users/mousa/.p2/pool/plugins/org.eclipse.justj.openjdk.hotspot.jre.full.win32.x86_64_23.0.2.v20250131-0604/jre/bin/server;C:/Users/mousa/.p2/pool/plugins/org.eclipse.justj.openjdk.hotspot.jre.full.win32.x86_64_23.0.2.v20250131-0604/jre/bin;C:\Program Files\Java\jdk-17\bin;C:\Program Files\Common Files\Oracle\Java\javapath;C:\WINDOWS\system32;C:\WINDOWS;C:\WINDOWS\System32\Wbem;C:\WINDOWS\System32\WindowsPowerShell\v1.0\;C:\WINDOWS\System32\OpenSSH\;C:\Program Files\Microsoft SQL Server\120\Tools\Binn\;C:\Program Files\Common Files\Autodesk Shared\;C:\Program Files\dotnet\;C:\Program Files\Microsoft SQL Server\150\Tools\Binn\;D:\IMTELLIJ\Git\cmd;C:\Program Files\nodejs\;C:\Program Files\MySQL\MySQL Shell 8.0\bin\;C:\Users\mousa\AppData\Local\Microsoft\WindowsApps;D:\Microsoft VS Code\bin;C:\Program Files\Java\jdk-17\bin;C:\Users\mousa\AppData\Roaming\npm;C:\Users\mousa\eclipse\java-2024-122\eclipse;
USERNAME=mousa
OS=Windows_NT
PROCESSOR_IDENTIFIER=Intel64 Family 6 Model 140 Stepping 1, GenuineIntel



---------------  S Y S T E M  ---------------

OS:
 Windows 10 , 64 bit Build 19041 (10.0.19041.5915)
OS uptime: 3 days 1:39 hours

CPU: total 8 (initial active 8) (4 cores per cpu, 2 threads per core) family 6 model 140 stepping 1 microcode 0x86, cx8, cmov, fxsr, ht, mmx, 3dnowpref, sse, sse2, sse3, ssse3, sse4.1, sse4.2, popcnt, lzcnt, tsc, tscinvbit, avx, avx2, aes, erms, clmul, bmi1, bmi2, adx, avx512f, avx512dq, avx512cd, avx512bw, avx512vl, sha, fma, vzeroupper, avx512_vpopcntdq, avx512_vpclmulqdq, avx512_vaes, avx512_vnni, clflush, clflushopt, clwb, avx512_vbmi2, avx512_vbmi

Memory: 4k page, system-wide physical 7948M (529M free)
TotalPageFile size 23110M (AvailPageFile size 101M)
current process WorkingSet (physical memory assigned to process): 10M, peak: 10M
current process commit charge ("private bytes"): 60M, peak: 186M

vm_info: Java HotSpot(TM) 64-Bit Server VM (17.0.12+8-LTS-286) for windows-amd64 JRE (17.0.12+8-LTS-286), built on Jun  5 2024 06:46:59 by "mach5one" with MS VC++ 17.6 (VS2022)

END.
